{"C:\\Users\\vunh27\\Downloads\\Todo\\Todo\\mock-auth-api\\app.js": {"path":"C:\\Users\\vunh27\\Downloads\\Todo\\Todo\\mock-auth-api\\app.js","statementMap":{"0":{"start":{"line":1,"column":16},"end":{"line":1,"column":34}},"1":{"start":{"line":2,"column":12},"end":{"line":2,"column":21}},"2":{"start":{"line":3,"column":16},"end":{"line":3,"column":48}},"3":{"start":{"line":4,"column":19},"end":{"line":4,"column":47}},"4":{"start":{"line":6,"column":19},"end":{"line":6,"column":41}},"5":{"start":{"line":7,"column":0},"end":{"line":7,"column":27}},"6":{"start":{"line":10,"column":0},"end":{"line":10,"column":10}},"7":{"start":{"line":12,"column":0},"end":{"line":23,"column":3}},"8":{"start":{"line":13,"column":2},"end":{"line":13,"column":49}},"9":{"start":{"line":14,"column":2},"end":{"line":17,"column":4}},"10":{"start":{"line":18,"column":2},"end":{"line":21,"column":4}},"11":{"start":{"line":22,"column":2},"end":{"line":22,"column":9}},"12":{"start":{"line":25,"column":0},"end":{"line":25,"column":31}},"13":{"start":{"line":26,"column":0},"end":{"line":26,"column":59}},"14":{"start":{"line":26,"column":23},"end":{"line":26,"column":57}},"15":{"start":{"line":27,"column":0},"end":{"line":27,"column":21}}},"fnMap":{"0":{"name":"(anonymous_0)","decl":{"start":{"line":12,"column":8},"end":{"line":12,"column":9}},"loc":{"start":{"line":12,"column":34},"end":{"line":23,"column":1}},"line":12},"1":{"name":"(anonymous_1)","decl":{"start":{"line":26,"column":17},"end":{"line":26,"column":18}},"loc":{"start":{"line":26,"column":23},"end":{"line":26,"column":57}},"line":26}},"branchMap":{},"s":{"0":1,"1":1,"2":1,"3":1,"4":1,"5":1,"6":1,"7":1,"8":21,"9":21,"10":21,"11":21,"12":1,"13":1,"14":1,"15":1},"f":{"0":21,"1":1},"b":{},"_coverageSchema":"1a1c01bbd47fc00a2c39e90264f33305004495a9","hash":"e38ede0625314a18bf43ca7542017324a3c25674"}
,"C:\\Users\\vunh27\\Downloads\\Todo\\Todo\\mock-auth-api\\src\\config\\auth.config.js": {"path":"C:\\Users\\vunh27\\Downloads\\Todo\\Todo\\mock-auth-api\\src\\config\\auth.config.js","statementMap":{"0":{"start":{"line":1,"column":0},"end":{"line":4,"column":2}}},"fnMap":{},"branchMap":{},"s":{"0":1},"f":{},"b":{},"_coverageSchema":"1a1c01bbd47fc00a2c39e90264f33305004495a9","hash":"c7366f6c578564e8b7beaabc72530347eac11a63"}
,"C:\\Users\\vunh27\\Downloads\\Todo\\Todo\\mock-auth-api\\src\\config\\generateToken.js": {"path":"C:\\Users\\vunh27\\Downloads\\Todo\\Todo\\mock-auth-api\\src\\config\\generateToken.js","statementMap":{"0":{"start":{"line":1,"column":10},"end":{"line":1,"column":33}},"1":{"start":{"line":2,"column":15},"end":{"line":2,"column":39}},"2":{"start":{"line":4,"column":2},"end":{"line":6,"column":5}},"3":{"start":{"line":9,"column":2},"end":{"line":15,"column":4}},"4":{"start":{"line":17,"column":22},"end":{"line":20,"column":1}},"5":{"start":{"line":21,"column":0},"end":{"line":21,"column":31}}},"fnMap":{"0":{"name":"generateTokenAccess","decl":{"start":{"line":3,"column":9},"end":{"line":3,"column":28}},"loc":{"start":{"line":3,"column":49},"end":{"line":7,"column":1}},"line":3},"1":{"name":"generateTokehRefresh","decl":{"start":{"line":8,"column":9},"end":{"line":8,"column":29}},"loc":{"start":{"line":8,"column":50},"end":{"line":16,"column":1}},"line":8}},"branchMap":{},"s":{"0":1,"1":1,"2":2,"3":2,"4":1,"5":1},"f":{"0":2,"1":2},"b":{},"_coverageSchema":"1a1c01bbd47fc00a2c39e90264f33305004495a9","hash":"1ca785a174aa85d341e9a7e81ded439c5ea9712f"}
,"C:\\Users\\vunh27\\Downloads\\Todo\\Todo\\mock-auth-api\\src\\connect\\connect.js": {"path":"C:\\Users\\vunh27\\Downloads\\Todo\\Todo\\mock-auth-api\\src\\connect\\connect.js","statementMap":{"0":{"start":{"line":1,"column":17},"end":{"line":1,"column":36}},"1":{"start":{"line":4,"column":2},"end":{"line":10,"column":5}},"2":{"start":{"line":5,"column":4},"end":{"line":9,"column":5}},"3":{"start":{"line":6,"column":6},"end":{"line":6,"column":61}},"4":{"start":{"line":8,"column":6},"end":{"line":8,"column":61}},"5":{"start":{"line":12,"column":0},"end":{"line":12,"column":25}}},"fnMap":{"0":{"name":"connect","decl":{"start":{"line":3,"column":9},"end":{"line":3,"column":16}},"loc":{"start":{"line":3,"column":19},"end":{"line":11,"column":1}},"line":3},"1":{"name":"(anonymous_1)","decl":{"start":{"line":4,"column":47},"end":{"line":4,"column":48}},"loc":{"start":{"line":4,"column":60},"end":{"line":10,"column":3}},"line":4}},"branchMap":{"0":{"loc":{"start":{"line":5,"column":4},"end":{"line":9,"column":5}},"type":"if","locations":[{"start":{"line":5,"column":4},"end":{"line":9,"column":5}},{"start":{"line":7,"column":11},"end":{"line":9,"column":5}}],"line":5}},"s":{"0":1,"1":1,"2":1,"3":0,"4":1,"5":1},"f":{"0":1,"1":1},"b":{"0":[0,1]},"_coverageSchema":"1a1c01bbd47fc00a2c39e90264f33305004495a9","hash":"44d18c8353567bc28950f9c03f353cde24542c7a"}
,"C:\\Users\\vunh27\\Downloads\\Todo\\Todo\\mock-auth-api\\src\\controller\\auth.js": {"path":"C:\\Users\\vunh27\\Downloads\\Todo\\Todo\\mock-auth-api\\src\\controller\\auth.js","statementMap":{"0":{"start":{"line":1,"column":13},"end":{"line":1,"column":37}},"1":{"start":{"line":2,"column":10},"end":{"line":2,"column":33}},"2":{"start":{"line":3,"column":13},"end":{"line":3,"column":32}},"3":{"start":{"line":4,"column":22},"end":{"line":4,"column":56}},"4":{"start":{"line":5,"column":15},"end":{"line":5,"column":47}},"5":{"start":{"line":6,"column":20},"end":{"line":6,"column":22}},"6":{"start":{"line":7,"column":21},"end":{"line":7,"column":58}},"7":{"start":{"line":11,"column":2},"end":{"line":56,"column":3}},"8":{"start":{"line":12,"column":58},"end":{"line":12,"column":67}},"9":{"start":{"line":13,"column":18},"end":{"line":13,"column":44}},"10":{"start":{"line":14,"column":18},"end":{"line":14,"column":20}},"11":{"start":{"line":18,"column":4},"end":{"line":31,"column":6}},"12":{"start":{"line":32,"column":4},"end":{"line":32,"column":43}},"13":{"start":{"line":33,"column":4},"end":{"line":33,"column":72}},"14":{"start":{"line":34,"column":4},"end":{"line":38,"column":5}},"15":{"start":{"line":35,"column":6},"end":{"line":35,"column":37}},"16":{"start":{"line":36,"column":6},"end":{"line":36,"column":32}},"17":{"start":{"line":37,"column":6},"end":{"line":37,"column":79}},"18":{"start":{"line":40,"column":4},"end":{"line":45,"column":5}},"19":{"start":{"line":41,"column":6},"end":{"line":44,"column":30}},"20":{"start":{"line":46,"column":4},"end":{"line":51,"column":5}},"21":{"start":{"line":47,"column":6},"end":{"line":50,"column":30}},"22":{"start":{"line":53,"column":4},"end":{"line":53,"column":56}},"23":{"start":{"line":55,"column":4},"end":{"line":55,"column":50}},"24":{"start":{"line":61,"column":2},"end":{"line":71,"column":3}},"25":{"start":{"line":62,"column":4},"end":{"line":68,"column":7}},"26":{"start":{"line":63,"column":6},"end":{"line":65,"column":7}},"27":{"start":{"line":64,"column":8},"end":{"line":64,"column":62}},"28":{"start":{"line":66,"column":23},"end":{"line":66,"column":33}},"29":{"start":{"line":67,"column":6},"end":{"line":67,"column":37}},"30":{"start":{"line":70,"column":4},"end":{"line":70,"column":50}},"31":{"start":{"line":76,"column":2},"end":{"line":100,"column":3}},"32":{"start":{"line":77,"column":29},"end":{"line":77,"column":37}},"33":{"start":{"line":78,"column":4},"end":{"line":80,"column":5}},"34":{"start":{"line":79,"column":6},"end":{"line":79,"column":76}},"35":{"start":{"line":81,"column":4},"end":{"line":83,"column":5}},"36":{"start":{"line":82,"column":6},"end":{"line":82,"column":79}},"37":{"start":{"line":84,"column":4},"end":{"line":97,"column":7}},"38":{"start":{"line":85,"column":6},"end":{"line":85,"column":77}},"39":{"start":{"line":85,"column":54},"end":{"line":85,"column":75}},"40":{"start":{"line":86,"column":6},"end":{"line":96,"column":7}},"41":{"start":{"line":87,"column":22},"end":{"line":87,"column":64}},"42":{"start":{"line":88,"column":29},"end":{"line":88,"column":72}},"43":{"start":{"line":90,"column":8},"end":{"line":90,"column":41}},"44":{"start":{"line":91,"column":8},"end":{"line":95,"column":11}},"45":{"start":{"line":99,"column":4},"end":{"line":99,"column":50}},"46":{"start":{"line":105,"column":2},"end":{"line":131,"column":3}},"47":{"start":{"line":106,"column":51},"end":{"line":106,"column":59}},"48":{"start":{"line":107,"column":17},"end":{"line":107,"column":53}},"49":{"start":{"line":108,"column":18},"end":{"line":108,"column":40}},"50":{"start":{"line":109,"column":4},"end":{"line":112,"column":5}},"51":{"start":{"line":110,"column":6},"end":{"line":110,"column":72}},"52":{"start":{"line":111,"column":6},"end":{"line":111,"column":13}},"53":{"start":{"line":113,"column":4},"end":{"line":128,"column":7}},"54":{"start":{"line":114,"column":6},"end":{"line":116,"column":7}},"55":{"start":{"line":115,"column":8},"end":{"line":115,"column":67}},"56":{"start":{"line":117,"column":19},"end":{"line":125,"column":8}},"57":{"start":{"line":126,"column":22},"end":{"line":126,"column":39}},"58":{"start":{"line":127,"column":6},"end":{"line":127,"column":36}},"59":{"start":{"line":130,"column":4},"end":{"line":130,"column":50}},"60":{"start":{"line":135,"column":2},"end":{"line":177,"column":3}},"61":{"start":{"line":136,"column":35},"end":{"line":136,"column":43}},"62":{"start":{"line":137,"column":4},"end":{"line":174,"column":7}},"63":{"start":{"line":144,"column":6},"end":{"line":146,"column":7}},"64":{"start":{"line":145,"column":8},"end":{"line":145,"column":68}},"65":{"start":{"line":148,"column":30},"end":{"line":148,"column":75}},"66":{"start":{"line":149,"column":6},"end":{"line":154,"column":7}},"67":{"start":{"line":150,"column":8},"end":{"line":153,"column":11}},"68":{"start":{"line":155,"column":20},"end":{"line":159,"column":7}},"69":{"start":{"line":160,"column":27},"end":{"line":164,"column":7}},"70":{"start":{"line":165,"column":6},"end":{"line":165,"column":39}},"71":{"start":{"line":167,"column":6},"end":{"line":173,"column":9}},"72":{"start":{"line":176,"column":4},"end":{"line":176,"column":50}},"73":{"start":{"line":182,"column":2},"end":{"line":217,"column":3}},"74":{"start":{"line":183,"column":61},"end":{"line":183,"column":69}},"75":{"start":{"line":184,"column":19},"end":{"line":184,"column":29}},"76":{"start":{"line":185,"column":18},"end":{"line":185,"column":40}},"77":{"start":{"line":186,"column":4},"end":{"line":188,"column":5}},"78":{"start":{"line":187,"column":6},"end":{"line":187,"column":79}},"79":{"start":{"line":189,"column":20},"end":{"line":189,"column":50}},"80":{"start":{"line":190,"column":30},"end":{"line":190,"column":72}},"81":{"start":{"line":191,"column":4},"end":{"line":196,"column":5}},"82":{"start":{"line":195,"column":6},"end":{"line":195,"column":65}},"83":{"start":{"line":198,"column":4},"end":{"line":200,"column":5}},"84":{"start":{"line":199,"column":6},"end":{"line":199,"column":60}},"85":{"start":{"line":201,"column":4},"end":{"line":213,"column":6}},"86":{"start":{"line":214,"column":4},"end":{"line":214,"column":52}},"87":{"start":{"line":216,"column":4},"end":{"line":216,"column":50}},"88":{"start":{"line":221,"column":16},"end":{"line":228,"column":1}},"89":{"start":{"line":229,"column":0},"end":{"line":229,"column":25}}},"fnMap":{"0":{"name":"getAllAccounts","decl":{"start":{"line":10,"column":15},"end":{"line":10,"column":29}},"loc":{"start":{"line":10,"column":40},"end":{"line":57,"column":1}},"line":10},"1":{"name":"getUserById","decl":{"start":{"line":60,"column":15},"end":{"line":60,"column":26}},"loc":{"start":{"line":60,"column":43},"end":{"line":72,"column":1}},"line":60},"2":{"name":"(anonymous_2)","decl":{"start":{"line":62,"column":40},"end":{"line":62,"column":41}},"loc":{"start":{"line":62,"column":61},"end":{"line":68,"column":5}},"line":62},"3":{"name":"reNewToken","decl":{"start":{"line":75,"column":15},"end":{"line":75,"column":25}},"loc":{"start":{"line":75,"column":36},"end":{"line":101,"column":1}},"line":75},"4":{"name":"(anonymous_4)","decl":{"start":{"line":84,"column":56},"end":{"line":84,"column":57}},"loc":{"start":{"line":84,"column":71},"end":{"line":97,"column":5}},"line":84},"5":{"name":"(anonymous_5)","decl":{"start":{"line":85,"column":43},"end":{"line":85,"column":44}},"loc":{"start":{"line":85,"column":54},"end":{"line":85,"column":75}},"line":85},"6":{"name":"addAccount","decl":{"start":{"line":104,"column":15},"end":{"line":104,"column":25}},"loc":{"start":{"line":104,"column":36},"end":{"line":132,"column":1}},"line":104},"7":{"name":"(anonymous_7)","decl":{"start":{"line":113,"column":14},"end":{"line":113,"column":15}},"loc":{"start":{"line":113,"column":30},"end":{"line":128,"column":5}},"line":113},"8":{"name":"login","decl":{"start":{"line":134,"column":15},"end":{"line":134,"column":20}},"loc":{"start":{"line":134,"column":31},"end":{"line":178,"column":1}},"line":134},"9":{"name":"(anonymous_9)","decl":{"start":{"line":139,"column":12},"end":{"line":139,"column":13}},"loc":{"start":{"line":139,"column":33},"end":{"line":174,"column":5}},"line":139},"10":{"name":"editAccount","decl":{"start":{"line":181,"column":15},"end":{"line":181,"column":26}},"loc":{"start":{"line":181,"column":37},"end":{"line":218,"column":1}},"line":181}},"branchMap":{"0":{"loc":{"start":{"line":13,"column":18},"end":{"line":13,"column":44}},"type":"cond-expr","locations":[{"start":{"line":13,"column":38},"end":{"line":13,"column":39}},{"start":{"line":13,"column":42},"end":{"line":13,"column":44}}],"line":13},"1":{"loc":{"start":{"line":34,"column":4},"end":{"line":38,"column":5}},"type":"if","locations":[{"start":{"line":34,"column":4},"end":{"line":38,"column":5}},{"start":{},"end":{}}],"line":34},"2":{"loc":{"start":{"line":40,"column":4},"end":{"line":45,"column":5}},"type":"if","locations":[{"start":{"line":40,"column":4},"end":{"line":45,"column":5}},{"start":{},"end":{}}],"line":40},"3":{"loc":{"start":{"line":40,"column":8},"end":{"line":40,"column":25}},"type":"binary-expr","locations":[{"start":{"line":40,"column":8},"end":{"line":40,"column":14}},{"start":{"line":40,"column":18},"end":{"line":40,"column":25}}],"line":40},"4":{"loc":{"start":{"line":46,"column":4},"end":{"line":51,"column":5}},"type":"if","locations":[{"start":{"line":46,"column":4},"end":{"line":51,"column":5}},{"start":{},"end":{}}],"line":46},"5":{"loc":{"start":{"line":46,"column":8},"end":{"line":46,"column":27}},"type":"binary-expr","locations":[{"start":{"line":46,"column":8},"end":{"line":46,"column":14}},{"start":{"line":46,"column":18},"end":{"line":46,"column":27}}],"line":46},"6":{"loc":{"start":{"line":63,"column":6},"end":{"line":65,"column":7}},"type":"if","locations":[{"start":{"line":63,"column":6},"end":{"line":65,"column":7}},{"start":{},"end":{}}],"line":63},"7":{"loc":{"start":{"line":78,"column":4},"end":{"line":80,"column":5}},"type":"if","locations":[{"start":{"line":78,"column":4},"end":{"line":80,"column":5}},{"start":{},"end":{}}],"line":78},"8":{"loc":{"start":{"line":81,"column":4},"end":{"line":83,"column":5}},"type":"if","locations":[{"start":{"line":81,"column":4},"end":{"line":83,"column":5}},{"start":{},"end":{}}],"line":81},"9":{"loc":{"start":{"line":86,"column":6},"end":{"line":96,"column":7}},"type":"if","locations":[{"start":{"line":86,"column":6},"end":{"line":96,"column":7}},{"start":{},"end":{}}],"line":86},"10":{"loc":{"start":{"line":109,"column":4},"end":{"line":112,"column":5}},"type":"if","locations":[{"start":{"line":109,"column":4},"end":{"line":112,"column":5}},{"start":{},"end":{}}],"line":109},"11":{"loc":{"start":{"line":114,"column":6},"end":{"line":116,"column":7}},"type":"if","locations":[{"start":{"line":114,"column":6},"end":{"line":116,"column":7}},{"start":{},"end":{}}],"line":114},"12":{"loc":{"start":{"line":114,"column":10},"end":{"line":114,"column":54}},"type":"binary-expr","locations":[{"start":{"line":114,"column":10},"end":{"line":114,"column":36}},{"start":{"line":114,"column":40},"end":{"line":114,"column":54}}],"line":114},"13":{"loc":{"start":{"line":144,"column":6},"end":{"line":146,"column":7}},"type":"if","locations":[{"start":{"line":144,"column":6},"end":{"line":146,"column":7}},{"start":{},"end":{}}],"line":144},"14":{"loc":{"start":{"line":149,"column":6},"end":{"line":154,"column":7}},"type":"if","locations":[{"start":{"line":149,"column":6},"end":{"line":154,"column":7}},{"start":{},"end":{}}],"line":149},"15":{"loc":{"start":{"line":186,"column":4},"end":{"line":188,"column":5}},"type":"if","locations":[{"start":{"line":186,"column":4},"end":{"line":188,"column":5}},{"start":{},"end":{}}],"line":186},"16":{"loc":{"start":{"line":191,"column":4},"end":{"line":196,"column":5}},"type":"if","locations":[{"start":{"line":191,"column":4},"end":{"line":196,"column":5}},{"start":{},"end":{}}],"line":191},"17":{"loc":{"start":{"line":192,"column":6},"end":{"line":193,"column":33}},"type":"binary-expr","locations":[{"start":{"line":192,"column":6},"end":{"line":192,"column":46}},{"start":{"line":193,"column":6},"end":{"line":193,"column":33}}],"line":192},"18":{"loc":{"start":{"line":198,"column":4},"end":{"line":200,"column":5}},"type":"if","locations":[{"start":{"line":198,"column":4},"end":{"line":200,"column":5}},{"start":{},"end":{}}],"line":198}},"s":{"0":1,"1":1,"2":1,"3":1,"4":1,"5":1,"6":1,"7":5,"8":5,"9":5,"10":5,"11":5,"12":5,"13":5,"14":5,"15":2,"16":2,"17":2,"18":5,"19":1,"20":5,"21":1,"22":5,"23":0,"24":3,"25":3,"26":3,"27":2,"28":1,"29":1,"30":0,"31":3,"32":3,"33":3,"34":1,"35":2,"36":1,"37":1,"38":1,"39":1,"40":1,"41":1,"42":1,"43":1,"44":1,"45":0,"46":3,"47":3,"48":3,"49":3,"50":3,"51":1,"52":1,"53":2,"54":2,"55":1,"56":1,"57":1,"58":1,"59":0,"60":4,"61":4,"62":4,"63":4,"64":2,"65":2,"66":2,"67":1,"68":1,"69":1,"70":1,"71":1,"72":0,"73":3,"74":3,"75":3,"76":3,"77":3,"78":1,"79":2,"80":2,"81":2,"82":1,"83":1,"84":0,"85":1,"86":1,"87":0,"88":1,"89":1},"f":{"0":5,"1":3,"2":3,"3":3,"4":1,"5":1,"6":3,"7":2,"8":4,"9":4,"10":3},"b":{"0":[1,4],"1":[2,3],"2":[1,4],"3":[5,3],"4":[1,4],"5":[5,3],"6":[2,1],"7":[1,2],"8":[1,1],"9":[1,0],"10":[1,2],"11":[1,1],"12":[2,1],"13":[2,2],"14":[1,1],"15":[1,2],"16":[1,1],"17":[2,1],"18":[0,1]},"_coverageSchema":"1a1c01bbd47fc00a2c39e90264f33305004495a9","hash":"a30fecf7144ad78ad16a2237dd12e7cb63fcde8c"}
,"C:\\Users\\vunh27\\Downloads\\Todo\\Todo\\mock-auth-api\\src\\model\\User.js": {"path":"C:\\Users\\vunh27\\Downloads\\Todo\\Todo\\mock-auth-api\\src\\model\\User.js","statementMap":{"0":{"start":{"line":1,"column":17},"end":{"line":1,"column":36}},"1":{"start":{"line":3,"column":19},"end":{"line":16,"column":1}},"2":{"start":{"line":17,"column":0},"end":{"line":17,"column":53}}},"fnMap":{},"branchMap":{},"s":{"0":1,"1":1,"2":1},"f":{},"b":{},"_coverageSchema":"1a1c01bbd47fc00a2c39e90264f33305004495a9","hash":"29049ae96a894eb5c3bfb25b75226481a8f34e0c"}
,"C:\\Users\\vunh27\\Downloads\\Todo\\Todo\\mock-auth-api\\src\\routes\\auth.js": {"path":"C:\\Users\\vunh27\\Downloads\\Todo\\Todo\\mock-auth-api\\src\\routes\\auth.js","statementMap":{"0":{"start":{"line":1,"column":16},"end":{"line":1,"column":34}},"1":{"start":{"line":2,"column":15},"end":{"line":2,"column":31}},"2":{"start":{"line":3,"column":19},"end":{"line":3,"column":43}},"3":{"start":{"line":4,"column":16},"end":{"line":4,"column":45}},"4":{"start":{"line":7,"column":0},"end":{"line":7,"column":37}},"5":{"start":{"line":10,"column":0},"end":{"line":10,"column":52}},"6":{"start":{"line":13,"column":0},"end":{"line":13,"column":52}},"7":{"start":{"line":16,"column":0},"end":{"line":16,"column":54}},"8":{"start":{"line":19,"column":0},"end":{"line":19,"column":37}},"9":{"start":{"line":22,"column":0},"end":{"line":22,"column":52}},"10":{"start":{"line":24,"column":0},"end":{"line":24,"column":24}}},"fnMap":{},"branchMap":{},"s":{"0":1,"1":1,"2":1,"3":1,"4":1,"5":1,"6":1,"7":1,"8":1,"9":1,"10":1},"f":{},"b":{},"_coverageSchema":"1a1c01bbd47fc00a2c39e90264f33305004495a9","hash":"979011ee72b02d45c01b6c732d9d96a9f17d72e8"}
,"C:\\Users\\vunh27\\Downloads\\Todo\\Todo\\mock-auth-api\\src\\routes\\share\\index.js": {"path":"C:\\Users\\vunh27\\Downloads\\Todo\\Todo\\mock-auth-api\\src\\routes\\share\\index.js","statementMap":{"0":{"start":{"line":1,"column":10},"end":{"line":1,"column":33}},"1":{"start":{"line":2,"column":15},"end":{"line":2,"column":50}},"2":{"start":{"line":6,"column":24},"end":{"line":6,"column":49}},"3":{"start":{"line":7,"column":2},"end":{"line":18,"column":3}},"4":{"start":{"line":8,"column":18},"end":{"line":8,"column":45}},"5":{"start":{"line":9,"column":4},"end":{"line":15,"column":7}},"6":{"start":{"line":10,"column":6},"end":{"line":12,"column":7}},"7":{"start":{"line":11,"column":8},"end":{"line":11,"column":58}},"8":{"start":{"line":13,"column":6},"end":{"line":13,"column":22}},"9":{"start":{"line":14,"column":6},"end":{"line":14,"column":13}},"10":{"start":{"line":17,"column":4},"end":{"line":17,"column":53}},"11":{"start":{"line":20,"column":0},"end":{"line":20,"column":28}}},"fnMap":{"0":{"name":"checkToken","decl":{"start":{"line":5,"column":9},"end":{"line":5,"column":19}},"loc":{"start":{"line":5,"column":36},"end":{"line":19,"column":1}},"line":5},"1":{"name":"(anonymous_1)","decl":{"start":{"line":9,"column":37},"end":{"line":9,"column":38}},"loc":{"start":{"line":9,"column":52},"end":{"line":15,"column":5}},"line":9}},"branchMap":{"0":{"loc":{"start":{"line":7,"column":2},"end":{"line":18,"column":3}},"type":"if","locations":[{"start":{"line":7,"column":2},"end":{"line":18,"column":3}},{"start":{"line":16,"column":9},"end":{"line":18,"column":3}}],"line":7},"1":{"loc":{"start":{"line":10,"column":6},"end":{"line":12,"column":7}},"type":"if","locations":[{"start":{"line":10,"column":6},"end":{"line":12,"column":7}},{"start":{},"end":{}}],"line":10}},"s":{"0":1,"1":1,"2":14,"3":14,"4":14,"5":14,"6":14,"7":0,"8":14,"9":14,"10":0,"11":1},"f":{"0":14,"1":14},"b":{"0":[14,0],"1":[0,14]},"_coverageSchema":"1a1c01bbd47fc00a2c39e90264f33305004495a9","hash":"45d11f2170fdc834594033d807cdd6a93b1f1d25"}
,"C:\\Users\\vunh27\\Downloads\\Todo\\Todo\\mock-auth-api\\src\\validator\\userValidator.js": {"path":"C:\\Users\\vunh27\\Downloads\\Todo\\Todo\\mock-auth-api\\src\\validator\\userValidator.js","statementMap":{"0":{"start":{"line":1,"column":12},"end":{"line":1,"column":26}},"1":{"start":{"line":2,"column":18},"end":{"line":2,"column":48}},"2":{"start":{"line":4,"column":10},"end":{"line":4,"column":46}},"3":{"start":{"line":5,"column":21},"end":{"line":5,"column":43}},"4":{"start":{"line":7,"column":0},"end":{"line":7,"column":31}}},"fnMap":{},"branchMap":{},"s":{"0":1,"1":1,"2":1,"3":1,"4":1},"f":{},"b":{},"_coverageSchema":"1a1c01bbd47fc00a2c39e90264f33305004495a9","hash":"20982318fdae1a45bd13da002148a229dc13fc9e"}
}
