TN:
SF:app.js
FN:12,(anonymous_0)
FN:26,(anonymous_1)
FNF:2
FNH:2
FNDA:21,(anonymous_0)
FNDA:1,(anonymous_1)
DA:1,1
DA:2,1
DA:3,1
DA:4,1
DA:6,1
DA:7,1
DA:10,1
DA:12,1
DA:13,21
DA:14,21
DA:18,21
DA:22,21
DA:25,1
DA:26,1
DA:27,1
LF:15
LH:15
BRF:0
BRH:0
end_of_record
TN:
SF:src\config\auth.config.js
FNF:0
FNH:0
DA:1,1
LF:1
LH:1
BRF:0
BRH:0
end_of_record
TN:
SF:src\config\generateToken.js
FN:3,generateTokenAccess
FN:8,generateTokehRefresh
FNF:2
FNH:2
FNDA:2,generateTokenAccess
FNDA:2,generateTokehRefresh
DA:1,1
DA:2,1
DA:4,2
DA:9,2
DA:17,1
DA:21,1
LF:6
LH:6
BRF:0
BRH:0
end_of_record
TN:
SF:src\connect\connect.js
FN:3,connect
FN:4,(anonymous_1)
FNF:2
FNH:2
FNDA:1,connect
FNDA:1,(anonymous_1)
DA:1,1
DA:4,1
DA:5,1
DA:6,0
DA:8,1
DA:12,1
LF:6
LH:5
BRDA:5,0,0,0
BRDA:5,0,1,1
BRF:2
BRH:1
end_of_record
TN:
SF:src\controller\auth.js
FN:10,getAllAccounts
FN:60,getUserById
FN:62,(anonymous_2)
FN:75,reNewToken
FN:84,(anonymous_4)
FN:85,(anonymous_5)
FN:104,addAccount
FN:113,(anonymous_7)
FN:134,login
FN:139,(anonymous_9)
FN:181,editAccount
FNF:11
FNH:11
FNDA:5,getAllAccounts
FNDA:3,getUserById
FNDA:3,(anonymous_2)
FNDA:3,reNewToken
FNDA:1,(anonymous_4)
FNDA:1,(anonymous_5)
FNDA:3,addAccount
FNDA:2,(anonymous_7)
FNDA:4,login
FNDA:4,(anonymous_9)
FNDA:3,editAccount
DA:1,1
DA:2,1
DA:3,1
DA:4,1
DA:5,1
DA:6,1
DA:7,1
DA:11,5
DA:12,5
DA:13,5
DA:14,5
DA:18,5
DA:32,5
DA:33,5
DA:34,5
DA:35,2
DA:36,2
DA:37,2
DA:40,5
DA:41,1
DA:46,5
DA:47,1
DA:53,5
DA:55,0
DA:61,3
DA:62,3
DA:63,3
DA:64,2
DA:66,1
DA:67,1
DA:70,0
DA:76,3
DA:77,3
DA:78,3
DA:79,1
DA:81,2
DA:82,1
DA:84,1
DA:85,1
DA:86,1
DA:87,1
DA:88,1
DA:90,1
DA:91,1
DA:99,0
DA:105,3
DA:106,3
DA:107,3
DA:108,3
DA:109,3
DA:110,1
DA:111,1
DA:113,2
DA:114,2
DA:115,1
DA:117,1
DA:126,1
DA:127,1
DA:130,0
DA:135,4
DA:136,4
DA:137,4
DA:144,4
DA:145,2
DA:148,2
DA:149,2
DA:150,1
DA:155,1
DA:160,1
DA:165,1
DA:167,1
DA:176,0
DA:182,3
DA:183,3
DA:184,3
DA:185,3
DA:186,3
DA:187,1
DA:189,2
DA:190,2
DA:191,2
DA:195,1
DA:198,1
DA:199,0
DA:201,1
DA:214,1
DA:216,0
DA:221,1
DA:229,1
LF:89
LH:82
BRDA:13,0,0,1
BRDA:13,0,1,4
BRDA:34,1,0,2
BRDA:34,1,1,3
BRDA:40,2,0,1
BRDA:40,2,1,4
BRDA:40,3,0,5
BRDA:40,3,1,3
BRDA:46,4,0,1
BRDA:46,4,1,4
BRDA:46,5,0,5
BRDA:46,5,1,3
BRDA:63,6,0,2
BRDA:63,6,1,1
BRDA:78,7,0,1
BRDA:78,7,1,2
BRDA:81,8,0,1
BRDA:81,8,1,1
BRDA:86,9,0,1
BRDA:86,9,1,0
BRDA:109,10,0,1
BRDA:109,10,1,2
BRDA:114,11,0,1
BRDA:114,11,1,1
BRDA:114,12,0,2
BRDA:114,12,1,1
BRDA:144,13,0,2
BRDA:144,13,1,2
BRDA:149,14,0,1
BRDA:149,14,1,1
BRDA:186,15,0,1
BRDA:186,15,1,2
BRDA:191,16,0,1
BRDA:191,16,1,1
BRDA:192,17,0,2
BRDA:192,17,1,1
BRDA:198,18,0,0
BRDA:198,18,1,1
BRF:38
BRH:36
end_of_record
TN:
SF:src\model\User.js
FNF:0
FNH:0
DA:1,1
DA:3,1
DA:17,1
LF:3
LH:3
BRF:0
BRH:0
end_of_record
TN:
SF:src\routes\auth.js
FNF:0
FNH:0
DA:1,1
DA:2,1
DA:3,1
DA:4,1
DA:7,1
DA:10,1
DA:13,1
DA:16,1
DA:19,1
DA:22,1
DA:24,1
LF:11
LH:11
BRF:0
BRH:0
end_of_record
TN:
SF:src\routes\share\index.js
FN:5,checkToken
FN:9,(anonymous_1)
FNF:2
FNH:2
FNDA:14,checkToken
FNDA:14,(anonymous_1)
DA:1,1
DA:2,1
DA:6,14
DA:7,14
DA:8,14
DA:9,14
DA:10,14
DA:11,0
DA:13,14
DA:14,14
DA:17,0
DA:20,1
LF:12
LH:10
BRDA:7,0,0,14
BRDA:7,0,1,0
BRDA:10,1,0,0
BRDA:10,1,1,14
BRF:4
BRH:2
end_of_record
TN:
SF:src\validator\userValidator.js
FNF:0
FNH:0
DA:1,1
DA:2,1
DA:4,1
DA:5,1
DA:7,1
LF:5
LH:5
BRF:0
BRH:0
end_of_record
